# JRE version: Java(TM) SE Runtime Environment (8.0_181-b13) (build 1.8.0_181-b13)
# Java VM: Java HotSpot(TM) Client VM (25.181-b13 mixed mode windows-x86 )
Heap:
 def new generation   total 157248K, used 145340K [0x04e00000, 0x0f8a0000, 0x0f8a0000)
  eden space 139776K, 100% used [0x04e00000, 0x0d680000, 0x0d680000)
  from space 17472K,  31% used [0x0d680000, 0x0dbef078, 0x0e790000)
  to   space 17472K,   0% used [0x0e790000, 0x0e790000, 0x0f8a0000)
 tenured generation   total 349568K, used 338438K [0x0f8a0000, 0x24e00000, 0x24e00000)
   the space 349568K,  96% used [0x0f8a0000, 0x24321840, 0x24321a00, 0x24e00000)
 Metaspace       used 64228K, capacity 68411K, committed 68480K, reserved 68992K
GC Heap History (10 events):
Event: 263.400 GC heap after
Heap after GC invocations=233 (full 17):
 def new generation   total 157248K, used 11371K [0x04e00000, 0x0f8a0000, 0x0f8a0000)
  eden space 139776K,   0% used [0x04e00000, 0x04e00000, 0x0d680000)
  from space 17472K,  65% used [0x0d680000, 0x0e19af30, 0x0e790000)
  to   space 17472K,   0% used [0x0e790000, 0x0e790000, 0x0f8a0000)
 tenured generation   total 349568K, used 287293K [0x0f8a0000, 0x24e00000, 0x24e00000)
   the space 349568K,  82% used [0x0f8a0000, 0x2112f628, 0x2112f800, 0x24e00000)
 Metaspace       used 59024K, capacity 62376K, committed 66176K, reserved 66944K
}
Event: 265.860 GC heap before
{Heap before GC invocations=233 (full 17):
 def new generation   total 157248K, used 151147K [0x04e00000, 0x0f8a0000, 0x0f8a0000)
  eden space 139776K, 100% used [0x04e00000, 0x0d680000, 0x0d680000)
  from space 17472K,  65% used [0x0d680000, 0x0e19af30, 0x0e790000)
  to   space 17472K,   0% used [0x0e790000, 0x0e790000, 0x0f8a0000)
 tenured generation   total 349568K, used 287293K [0x0f8a0000, 0x24e00000, 0x24e00000)
   the space 349568K,  82% used [0x0f8a0000, 0x2112f628, 0x2112f800, 0x24e00000)
 Metaspace       used 59446K, capacity 62867K, committed 66176K, reserved 66944K
Event: 265.915 GC heap after
Heap after GC invocations=234 (full 17):
 def new generation   total 157248K, used 7116K [0x04e00000, 0x0f8a0000, 0x0f8a0000)
  eden space 139776K,   0% used [0x04e00000, 0x04e00000, 0x0d680000)
  from space 17472K,  40% used [0x0e790000, 0x0ee83230, 0x0f8a0000)
  to   space 17472K,   0% used [0x0d680000, 0x0d680000, 0x0e790000)
 tenured generation   total 349568K, used 296401K [0x0f8a0000, 0x24e00000, 0x24e00000)
   the space 349568K,  84% used [0x0f8a0000, 0x21a14758, 0x21a14800, 0x24e00000)
 Metaspace       used 59446K, capacity 62867K, committed 66176K, reserved 66944K
}
Event: 267.461 GC heap before
{Heap before GC invocations=234 (full 17):
 def new generation   total 157248K, used 146892K [0x04e00000, 0x0f8a0000, 0x0f8a0000)
  eden space 139776K, 100% used [0x04e00000, 0x0d680000, 0x0d680000)
  from space 17472K,  40% used [0x0e790000, 0x0ee83230, 0x0f8a0000)
  to   space 17472K,   0% used [0x0d680000, 0x0d680000, 0x0e790000)
 tenured generation   total 349568K, used 296401K [0x0f8a0000, 0x24e00000, 0x24e00000)
   the space 349568K,  84% used [0x0f8a0000, 0x21a14758, 0x21a14800, 0x24e00000)
 Metaspace       used 60405K, capacity 63858K, committed 66176K, reserved 66944K
Event: 267.539 GC heap after
Heap after GC invocations=235 (full 17):
 def new generation   total 157248K, used 17472K [0x04e00000, 0x0f8a0000, 0x0f8a0000)
  eden space 139776K,   0% used [0x04e00000, 0x04e00000, 0x0d680000)
  from space 17472K, 100% used [0x0d680000, 0x0e790000, 0x0e790000)
  to   space 17472K,   0% used [0x0e790000, 0x0e790000, 0x0f8a0000)
 tenured generation   total 349568K, used 303404K [0x0f8a0000, 0x24e00000, 0x24e00000)
   the space 349568K,  86% used [0x0f8a0000, 0x220eb340, 0x220eb400, 0x24e00000)
 Metaspace       used 60405K, capacity 63858K, committed 66176K, reserved 66944K
}
Event: 268.295 GC heap before
{Heap before GC invocations=235 (full 17):
 def new generation   total 157248K, used 157248K [0x04e00000, 0x0f8a0000, 0x0f8a0000)
  eden space 139776K, 100% used [0x04e00000, 0x0d680000, 0x0d680000)
  from space 17472K, 100% used [0x0d680000, 0x0e790000, 0x0e790000)
  to   space 17472K,   0% used [0x0e790000, 0x0e790000, 0x0f8a0000)
 tenured generation   total 349568K, used 303404K [0x0f8a0000, 0x24e00000, 0x24e00000)
   the space 349568K,  86% used [0x0f8a0000, 0x220eb340, 0x220eb400, 0x24e00000)
 Metaspace       used 63419K, capacity 67409K, committed 67456K, reserved 67968K
Event: 268.414 GC heap after
Heap after GC invocations=236 (full 17):
 def new generation   total 157248K, used 17472K [0x04e00000, 0x0f8a0000, 0x0f8a0000)
  eden space 139776K,   0% used [0x04e00000, 0x04e00000, 0x0d680000)
  from space 17472K, 100% used [0x0e790000, 0x0f8a0000, 0x0f8a0000)
  to   space 17472K,   0% used [0x0d680000, 0x0d680000, 0x0e790000)
 tenured generation   total 349568K, used 324030K [0x0f8a0000, 0x24e00000, 0x24e00000)
   the space 349568K,  92% used [0x0f8a0000, 0x2350f928, 0x2350fa00, 0x24e00000)
 Metaspace       used 63419K, capacity 67409K, committed 67456K, reserved 67968K
}
Event: 269.221 GC heap before
{Heap before GC invocations=236 (full 17):
 def new generation   total 157248K, used 157248K [0x04e00000, 0x0f8a0000, 0x0f8a0000)
  eden space 139776K, 100% used [0x04e00000, 0x0d680000, 0x0d680000)
  from space 17472K, 100% used [0x0e790000, 0x0f8a0000, 0x0f8a0000)
  to   space 17472K,   0% used [0x0d680000, 0x0d680000, 0x0e790000)
 tenured generation   total 349568K, used 324030K [0x0f8a0000, 0x24e00000, 0x24e00000)
   the space 349568K,  92% used [0x0f8a0000, 0x2350f928, 0x2350fa00, 0x24e00000)
 Metaspace       used 64108K, capacity 68287K, committed 68352K, reserved 68992K
Event: 269.329 GC heap after
Heap after GC invocations=237 (full 17):
 def new generation   total 157248K, used 5564K [0x04e00000, 0x0f8a0000, 0x0f8a0000)
  eden space 139776K,   0% used [0x04e00000, 0x04e00000, 0x0d680000)
  from space 17472K,  31% used [0x0d680000, 0x0dbef078, 0x0e790000)
  to   space 17472K,   0% used [0x0e790000, 0x0e790000, 0x0f8a0000)
 tenured generation   total 349568K, used 338438K [0x0f8a0000, 0x24e00000, 0x24e00000)
   the space 349568K,  96% used [0x0f8a0000, 0x24321840, 0x24321a00, 0x24e00000)
 Metaspace       used 64108K, capacity 68287K, committed 68352K, reserved 68992K
}
Event: 269.938 GC heap before
{Heap before GC invocations=237 (full 17):
 def new generation   total 157248K, used 145340K [0x04e00000, 0x0f8a0000, 0x0f8a0000)
  eden space 139776K, 100% used [0x04e00000, 0x0d680000, 0x0d680000)
  from space 17472K,  31% used [0x0d680000, 0x0dbef078, 0x0e790000)
  to   space 17472K,   0% used [0x0e790000, 0x0e790000, 0x0f8a0000)
 tenured generation   total 349568K, used 338438K [0x0f8a0000, 0x24e00000, 0x24e00000)
   the space 349568K,  96% used [0x0f8a0000, 0x24321840, 0x24321a00, 0x24e00000)
 Metaspace       used 64228K, capacity 68411K, committed 68480K, reserved 68992K

